Exporting package to 'C:\Data Files\allworlds\projects\badc metafor\cim\dev1.9\cim1.9.xml'
Retrieving data for export: diagram elements
Retrieving data for export: links
Retrieving data for export: constraints
Retrieving data for export: attribute tagged values
Retrieving data for export: operation tagged values
Retrieving data for export: operation parameter tagged values
Retrieving data for export: connector tagged values
Completed data retrieval
Pre-processing export tree...
Completed pre-processing
Processing package: cim 1.9
Element:0: cim 1.9
Processing package: cim 1.9
Element:1: Grids
Element:2: Common
Element:3: Quality
Element:4: Process
Element:5: Data
Element:6: ISO 19100
Element:7: Activity
Diagram: Context Diagram: Package Suppliers of CIM
Diagram: Package Dependencies
Diagram: Overview
Processing package: Activity
Element:8: M4A_CodeModification
Element:9: M4A_NumericalRequirement
Element:10: incompleteSimulation
Element:11: M4A_NamedValue
Element:12: duration
Element:13: M4A_ProjectType
Element:14: rank
Element:15: exploitedDataCollection
Element:16: M4A_RuntimeChange
Element:17: 
Element:18: M4A_OutputRequirement
Element:19: M4A_CompositeObservationContext
Element:20: M4A_Deployment
Element:21: M4A_Project
Element:22: observationType
Element:23: M4A_ResolutionType
Element:24: conformanceInfo
Element:25: M4A_ContextRoleType
Element:26: M4A_ConfigurationChange
Element:27: M4A_ObservationStation
Element:28: M4A_CompositeObservation
Element:29: M4A_FixityType
Element:30: M4A_InitialCondition
Element:31: M4A_TemporalAveType
Element:32: M4A_ConformanceType
Element:33: M4A_ExperimentRelationship
Element:34: M4A_Conformance
Element:35: M4A_RequirementOption
Element:36: spinUpDateRange
Element:37: M4A_Rank
Element:38: M4A_SpatioTemporalConstraint
Element:39: M4A_Parallelisation
Element:40: runTimeChange
Element:41: documentMetadata
Element:42: deploymentInfo
Element:43: M4A_NumericalExperiment
Element:44: M4A_BoundaryCondition
Element:45: 
Element:46: M4A_ExperimentRelationshipType
Element:47: M4A_ObservationType
Element:48: 
Element:49: observationDateRange
Element:50: M4A_ValueModification
Diagram: Observations and Measurements
Diagram: CompositeObservation Parameters
Diagram: Project
Diagram: CompositeObservation Complex Parameter Types
Diagram: Composite Observation
Processing package: ISO 19100
Element:51: OM_Observation
Processing package: Process
Element:52: M4P_PossiblePropertyValue
Element:53: M4P_SimulatedProperty
Element:54: M4P_Timing
Element:55: M4P_CouplingFrameworkType
Element:56: M4P_ActualConfiguration
Element:57: M4P_PropertyRoleType
Element:58: M4P_SpatialRegridding
Element:59: M4P_ConfiguredScienceDescription
Element:60: M4P_ConfiguredProcess
Element:61: M4P_ComponentLanguage
Element:62: 
Element:63: M4P_ScienceDescription
Element:64: M4P_NumericalProcess
Element:65: M4P_InteractionType
Element:66: M4P_NumericalProcessType
Element:67: M4P_TimeTransformation
Element:68: M4P_Interaction
Element:69: M4P_SpatialRegriddingUserMethod
Element:70: M4P_UnConfiguredSoftwareDescription
Element:71: M4P_UnconfiguredScienceDescription
Element:72: M4P_SoftwareDescription
Element:73: M4P_PossibleConfigurations
Element:74: M4P_ConfiguredSoftwareDescription
Element:75: M4P_ConnectionType
Element:76: M4P_Property
Element:77: M4P_SpatialRegriddingStandardMethodType
Element:78: M4P_TimeLag
Element:79: M4P_UnconfiguredProcess
Element:80: M4P_SpatialRegriddingDimensionType
Element:81: M4P_TimeMappingType
Diagram: NumericalProcess
Diagram: NumericalProcess Support Types, Codelists, Enumerations
Diagram: Configuration
Processing package: Data
Element:82: M4D_DataStorage
Element:83: M4D_DataHierarchyType
Element:84: M4D_DataStatusType
Element:85: M4D_DbStorage
Element:86: M4D_IpStorage
Element:87: M4D_DataCollection
Element:88: M4D_FileStorage
Element:89: M4D_DataAtom
Diagram: Data
Processing package: Grids
Element:90: M4G_VerticalCoordList
Element:91: M4G_RefinementType
Element:92: M4G_ExchangeGridCell
Element:93: M4G_GridCellRef
Element:94: M4G_GridCell
Element:95: M4G_VerticalCoordinateType
Element:96: M4G_VerticalCoordinateFormType
Element:97: M4G_SimpleGridGeometry
Element:98: M4G_GridTile
Element:99: M4G_GridTileResolution
Element:100: M4G_EdgeArray
Element:101: M4G_GridType
Element:102: M4G_GridMosaic
Element:103: M4G_GridCellRefArray
Element:104: M4G_VertexArray
Element:105: M4G_DiscretizationType
Element:106: M4G_GridSpec
Element:107: M4G_GridProperty
Element:108: M4G_SimpleGridCell
Element:109: M4G_UnstructuredGridCell
Element:110: M4G_GridCellArray
Element:111: M4G_CoordList
Diagram: Grids
Processing package: Common
Element:112: M4C_MachineCompilerUnit
Element:113: M4C_Machine
Element:114: M4C_Change
Element:115: M4C_DataPurposeType
Element:116: M4C_MachineType
Element:117: M4C_DocumentMetadata
Element:118: M4C_DocumentRelationship
Element:119: M4C_TimeUnitType
Element:120: M4C_CompilerType
Element:121: M4C_Platform
Element:122: M4C_LogicalChoiceType
Element:123: M4C_License
Element:124: M4C_DocumentRelationshipType
Element:125: M4C_InterconnectType
Element:126: M4C_ChangePropertyType
Element:127: M4C_ResponsibleParty
Element:128: M4C_ProcessorType
Element:129: M4C_Reference
Element:130: M4C_Compiler
Element:131: M4C_OperatingSystemType
Element:132: M4C_MachineVendorType
Diagram: Common
Processing package: Quality
Element:133: M4Q_QualityIssueType
Element:134: M4Q_DomainConsistency
Element:135: M4Q_QualitySeverityType
Element:136: M4Q_Measure
Element:137: M4Q_Quality
Element:138: M4Q_QualityIssue
Element:139: M4Q_QualityResolution
Element:140: M4Q_QualityStatusType
Element:141: M4Q_ResultType
Element:142: M4Q_QualityDetail
Element:143: M4Q_Result
Element:144: M4Q_Scope
Element:145: ISO 19115 [Data Quality Information]
Element:146: M4Q_ResultSet
Diagram: Quality
Adding State-Tables
Formatting output XML...please wait
XMI Document Export Complete!
