
Importing Model from XMI
Root Package: cim
Add Classifier Role: quality
Add Classifier Role: software
Add Classifier Role: shared
Add Classifier Role: grids
Add Classifier Role: activity
Add Classifier Role: data
Append Package: activity
Add Classifier: ExperimentRelationship
Add Classifier: ProjectType
Add Classifier: 
Add Classifier: RequirementOption
Add Classifier: Activity
Add Classifier: ConformanceType
Add Classifier: 
Add Classifier: OutputRequirement
Add Classifier: SimulationRun
Add Classifier: Project
Add Classifier: MeasurementCampaign
Add Classifier: 
Add Classifier: NumericalRequirement
Add Classifier: ExperimentRelationshipType
Add Classifier: SimulationRelationship
Add Classifier: TemporalAveType
Add Classifier: Conformance
Add Classifier: NumericalActivity
Add Classifier: Assimilation
Add Classifier: PhysicalModification
Add Classifier: SimulationComposite
Add Classifier: ObservationStation
Add Classifier: BoundaryCondition
Add Classifier: 
Add Classifier: SpatioTemporalConstraint
Add Classifier: SimulationType
Add Classifier: NumericalExperiment
Add Classifier: DataProcessing
Add Classifier: 
Add Classifier: EnsembleMember
Add Classifier: Simulation
Add Classifier: DataCollection
Add Classifier: Ensemble
Add Classifier: EnsembleType
Add Classifier: FixityType
Add Classifier: FrequencyType
Add Classifier: InitialCondition
Add Classifier: SimulationRelationshipType
Add Classifier: Experiment
Add Classifier: 
Add Classifier: ResolutionType
Add Classifier: MIP
Append Package: data
Add Classifier: FileStorage
Add Classifier: DataFormatType
Add Classifier: DataTopic
Add Classifier: DataRestriction
Add Classifier: 
Add Classifier: 
Add Classifier: DataStorage
Add Classifier: DbStorage
Add Classifier: DataStatusType
Add Classifier: DataHierarchyType
Add Classifier: 
Add Classifier: DataDistribution
Add Classifier: DataObject
Add Classifier: DataCitation
Add Classifier: DataContent
Add Classifier: DataAccessType
Add Classifier: DataProperty
Add Classifier: DataRestrictionScopeType
Add Classifier: DataExtent
Add Classifier: IpStorage
Add Classifier: 
Add Classifier Role: 
Append Package: grids
Add Classifier: CustomGridGeometry
Add Classifier: 
Add Classifier: GridCellArray
Add Classifier: GridMosaic
Add Classifier: SimpleGridGeometry
Add Classifier: UnstructuredGridCell
Add Classifier: ArcTypeEnum
Add Classifier: GridExtent
Add Classifier: CustomFeatureGeometry
Add Classifier: 
Add Classifier: ExchangeGridCell
Add Classifier: 
Add Classifier: Identification
Add Classifier: EdgeArray
Add Classifier: GeometryTypeEnum
Add Classifier: VertexArray
Add Classifier: 
Add Classifier: 
Add Classifier: GridCellRef
Add Classifier: Edge
Add Classifier: 
Add Classifier: 
Add Classifier: VerticalCSEnum
Add Classifier: GridCellRefArray
Add Classifier: GridTypeEnum
Add Classifier: 
Add Classifier: HorizontalCSEnum
Add Classifier: CitationList
Add Classifier: GridProperty
Add Classifier: GridTileResolutionType
Add Classifier: GridNodePositionEnum
Add Classifier: SimpleGridCell
Add Classifier: GridTileRef
Add Classifier: DiscretizationEnum
Add Classifier: VerticalCoordList
Add Classifier: GridSpec
Add Classifier: CoordList
Add Classifier: ContactTypeEnum
Add Classifier: FeatureTypeEnum
Add Classifier: RefinementTypeEnum
Add Classifier: GridTile
Add Classifier: VerticalCoordinateFormTypeEnum
Add Classifier: VerticalCoordinateTypeEnum
Add Classifier: GridCell
Add Classifier: 
Append Package: quality
Add Classifier: QualityStatusType
Add Classifier: CIM_ScopeCodeType
Add Classifier: CIM_FeatureType
Add Classifier: CIM_Result
Add Classifier: CIM_Measure
Add Classifier: CIM_Scope
Add Classifier: CIM_ResultSet
Add Classifier: CIM_DomainConsistency
Add Classifier: QualityIssueType
Add Classifier: QualitySeverityType
Add Classifier: CIM_ResultType
Add Classifier: CIM_QualityDetail
Add Classifier: CIM_QualityIssue
Add Classifier: CIM_QualityResolution
Add Classifier: CIM_Quality
Add Classifier Role: ISO 19115 [Data Quality Information]
Append Package: shared
Add Classifier: ClosedDateRange
Add Classifier: Property
Add Classifier: 
Add Classifier: Standard
Add Classifier: CompilerType
Add Classifier: 
Add Classifier: Platform
Add Classifier: 
Add Classifier: Compiler
Add Classifier: License
Add Classifier: DocumentRelationship
Add Classifier: Calendar
Add Classifier: MachineCompilerUnit
Add Classifier: DataSource
Add Classifier: ControlledVocabulary
Add Classifier: CodeList
Add Classifier: OpenDateRange
Add Classifier: DocumentRelationshipType
Add Classifier: MachineType
Add Classifier: ChangePropertyType
Add Classifier: Document
Add Classifier: Identifier
Add Classifier: PropertyValue
Add Classifier: 
Add Classifier: Machine
Add Classifier: DataPurpose
Add Classifier: StandardName
Add Classifier: OperatingSystemType
Add Classifier: Daily-360
Add Classifier: Genealogy
Add Classifier: DocumentStatusType
Add Classifier: CalendarUnit
Add Classifier: RelationshipDirectionType
Add Classifier: Relationship
Add Classifier: ResponsibleParty
Add Classifier: Change
Add Classifier: DateRange
Add Classifier: ChangeProperty
Add Classifier: MachineVendorType
Add Classifier: InterconnectType
Add Classifier: 
Add Classifier: UnitType
Add Classifier: PropertyGroup
Add Classifier: Reference
Add Classifier: LogicalRelationshipType
Add Classifier: 
Add Classifier: PerpetualPeriod
Add Classifier: RealCalendar
Add Classifier: 
Add Classifier: ProcessorType
Add Classifier Role: 
Append Package: software
Add Classifier: SpatialRegriddingDimensionType
Add Classifier: SpatialRegridding
Add Classifier: 
Add Classifier: ComponentLanguage
Add Classifier: 
Add Classifier: Composition
Add Classifier: ConnectionProperty
Add Classifier: 
Add Classifier: Connection
Add Classifier: 
Add Classifier: SoftwareComponent
Add Classifier: Rank
Add Classifier: TimeLag
Add Classifier: ComponentPropertyIntentType
Add Classifier: SpatialRegriddingProperty
Add Classifier: EntryPointType
Add Classifier: TimingUnits
Add Classifier: ComponentProperties
Add Classifier: TimeTransformation
Add Classifier: Dependencies
Add Classifier: ProcessorComponent
Add Classifier: 
Add Classifier: Coupling
Add Classifier: TimeMappingType
Add Classifier: EntryPoint
Add Classifier: ModelComponent
Add Classifier: CouplingFrameworkType
Add Classifier: ComponentProperty
Add Classifier: ProcessorComponentType
Add Classifier: ScientificProperties
Add Classifier: Parallelisation
Add Classifier: 
Add Classifier: ConnectionEndPoint
Add Classifier: CouplingEndPoint
Add Classifier: CouplingProperty
Add Classifier: SpatialRegriddingStandardMethodType
Add Classifier: ConnectionType
Add Classifier: ModelComponentType
Add Classifier: 
Add Classifier: SpatialRegriddingUserMethod
Add Classifier: NumericalProperties
Add Classifier: Deployment
Add Classifier: 
Add Classifier: ComponentLanguageProperty
Add Classifier: Timing
Add Classifier: 
Add Classifier Role: 
Add Classifier Role: 
Add Classifier Role: 
Resolving Classifiers
Resolving Owners
Resolve Package Links
Add Extensions
Add Diagrams
Adding Diagram : CIM
Adding Diagram : Brown: Implementation
Adding Diagram : Green: Observations
Adding Diagram : Yellow: Requirements
Adding Diagram : Activity
Adding Diagram : Data
Adding Diagram : Grids Package Diagram
Adding Diagram : GridSpec Classes
Adding Diagram : Grid Cell Classes
Adding Diagram : Quality
Adding Diagram : Shared
Adding Diagram : Software
Adding Elements to Diagram : CIM
Adding Elements to Diagram : Brown: Implementation
Adding Elements to Diagram : Green: Observations
Adding Elements to Diagram : Yellow: Requirements
Adding Elements to Diagram : Activity
Adding Elements to Diagram : Data
Adding Elements to Diagram : Grids Package Diagram
Adding Elements to Diagram : GridSpec Classes
Adding Elements to Diagram : Grid Cell Classes
Adding Elements to Diagram : Quality
Adding Elements to Diagram : Shared
Adding Elements to Diagram : Software
Resolving DiagramIDs
Adding Links to Diagram : CIM
Adding Links to Diagram : Brown: Implementation
Adding Links to Diagram : Green: Observations
Adding Links to Diagram : Yellow: Requirements
Adding Links to Diagram : Activity
Adding Links to Diagram : Data
Adding Links to Diagram : Grids Package Diagram
Adding Links to Diagram : GridSpec Classes
Adding Links to Diagram : Grid Cell Classes
Adding Links to Diagram : Quality
Adding Links to Diagram : Shared
Adding Links to Diagram : Software
Resolving Association Classes
Resolving Parameter Types
Resolving Attribute Types
Resolving Note links
Fixup external references
Import Complete!
