Exporting package to 'Y:\WORK\METAFOR\working_copies\cim_1.8\cim.xmi'
Retrieving data for export: diagram elements
Retrieving data for export: links
Retrieving data for export: constraints
Retrieving data for export: attribute tagged values
Retrieving data for export: operation tagged values
Retrieving data for export: operation parameter tagged values
Retrieving data for export: connector tagged values
Completed data retrieval
Pre-processing export tree...
Completed pre-processing
Processing package: cim
Element:0: quality
Element:1: software
Element:2: shared
Element:3: grids
Element:4: activity
Element:5: data
Diagram: CIM
Processing package: activity
Element:6: ExperimentRelationship
Element:7: ProjectType
Element:8: 
Element:9: RequirementOption
Element:10: Activity
Element:11: ConformanceType
Element:12: 
Element:13: OutputRequirement
Element:14: SimulationRun
Element:15: Project
Element:16: MeasurementCampaign
Element:17: LateralBoundaryCondition
Element:18: 
Element:19: NumericalRequirement
Element:20: ExperimentRelationshipType
Element:21: SimulationRelationship
Element:22: TemporalAveType
Element:23: Conformance
Element:24: NumericalActivity
Element:25: Assimilation
Element:26: PhysicalModification
Element:27: SimulationComposite
Element:28: ObservationStation
Element:29: BoundaryCondition
Element:30: 
Element:31: SpatioTemporalConstraint
Element:32: SimulationType
Element:33: DownscalingSimulation
Element:34: NumericalExperiment
Element:35: DataProcessing
Element:36: 
Element:37: EnsembleMember
Element:38: Simulation
Element:39: DataCollection
Element:40: Ensemble
Element:41: EnsembleType
Element:42: FixityType
Element:43: FrequencyType
Element:44: InitialCondition
Element:45: SimulationRelationshipType
Element:46: DownscalingType
Element:47: Experiment
Element:48: 
Element:49: ResolutionType
Element:50: MIP
Diagram: Brown: Implementation
Diagram: Green: Observations
Diagram: Yellow: Requirements
Diagram: Activity
Processing package: data
Element:51: FileStorage
Element:52: DataFormatType
Element:53: DataTopic
Element:54: DataRestriction
Element:55: 
Element:56: 
Element:57: DataStorage
Element:58: DbStorage
Element:59: DataStatusType
Element:60: DataHierarchyType
Element:61: 
Element:62: DataDistribution
Element:63: DataObject
Element:64: DataCitation
Element:65: 
Element:66: DataContent
Element:67: DataAccessType
Element:68: DataProperty
Element:69: DataRestrictionScopeType
Element:70: DataExtent
Element:71: IpStorage
Element:72: 
Diagram: Data
Processing package: grids
Element:73: CustomGridGeometry
Element:74: 
Element:75: GridCellArray
Element:76: GridMosaic
Element:77: SimpleGridGeometry
Element:78: UnstructuredGridCell
Element:79: ArcTypeEnum
Element:80: GridExtent
Element:81: CustomFeatureGeometry
Element:82: 
Element:83: ExchangeGridCell
Element:84: 
Element:85: Identification
Element:86: EdgeArray
Element:87: GeometryTypeEnum
Element:88: VertexArray
Element:89: 
Element:90: 
Element:91: GridCellRef
Element:92: Edge
Element:93: 
Element:94: 
Element:95: VerticalCSEnum
Element:96: GridCellRefArray
Element:97: GridTypeEnum
Element:98: 
Element:99: HorizontalCSEnum
Element:100: CitationList
Element:101: GridProperty
Element:102: GridTileResolutionType
Element:103: GridNodePositionEnum
Element:104: SimpleGridCell
Element:105: GridTileRef
Element:106: DiscretizationEnum
Element:107: VerticalCoordList
Element:108: GridSpec
Element:109: CoordList
Element:110: ContactTypeEnum
Element:111: FeatureTypeEnum
Element:112: RefinementTypeEnum
Element:113: GridTile
Element:114: VerticalCoordinateFormTypeEnum
Element:115: VerticalCoordinateTypeEnum
Element:116: GridCell
Element:117: 
Diagram: Grids Package Diagram
Diagram: GridSpec Classes
Diagram: Grid Cell Classes
Processing package: quality
Element:118: QualityStatusType
Element:119: CIM_ScopeCodeType
Element:120: CIM_FeatureType
Element:121: CIM_Result
Element:122: CIM_Measure
Element:123: CIM_Scope
Element:124: CIM_ResultSet
Element:125: CIM_DomainConsistency
Element:126: QualityIssueType
Element:127: QualitySeverityType
Element:128: CIM_ResultType
Element:129: CIM_QualityDetail
Element:130: CIM_QualityIssue
Element:131: CIM_QualityResolution
Element:132: ISO 19115 [Data Quality Information]
Element:133: CIM_Quality
Diagram: Quality
Processing package: shared
Element:134: ClosedDateRange
Element:135: Property
Element:136: 
Element:137: Standard
Element:138: CompilerType
Element:139: 
Element:140: Platform
Element:141: 
Element:142: Compiler
Element:143: License
Element:144: DocumentRelationship
Element:145: Calendar
Element:146: MachineCompilerUnit
Element:147: DataSource
Element:148: ControlledVocabulary
Element:149: CodeList
Element:150: OpenDateRange
Element:151: DocumentRelationshipType
Element:152: MachineType
Element:153: ChangePropertyType
Element:154: Document
Element:155: Identifier
Element:156: PropertyValue
Element:157: 
Element:158: Machine
Element:159: DataPurpose
Element:160: StandardName
Element:161: OperatingSystemType
Element:162: Daily-360
Element:163: Genealogy
Element:164: DocumentStatusType
Element:165: CalendarUnit
Element:166: RelationshipDirectionType
Element:167: Relationship
Element:168: ResponsibleParty
Element:169: Change
Element:170: DateRange
Element:171: ChangeProperty
Element:172: MachineVendorType
Element:173: InterconnectType
Element:174: 
Element:175: UnitType
Element:176: PropertyGroup
Element:177: Reference
Element:178: LogicalRelationshipType
Element:179: 
Element:180: PerpetualPeriod
Element:181: RealCalendar
Element:182: 
Element:183: 
Element:184: ProcessorType
Diagram: Shared
Processing package: software
Element:185: SpatialRegriddingDimensionType
Element:186: SpatialRegridding
Element:187: 
Element:188: ComponentLanguage
Element:189: 
Element:190: Composition
Element:191: ConnectionProperty
Element:192: 
Element:193: 
Element:194: Connection
Element:195: 
Element:196: SoftwareComponent
Element:197: Rank
Element:198: TimeLag
Element:199: ComponentPropertyIntentType
Element:200: 
Element:201: SpatialRegriddingProperty
Element:202: EntryPointType
Element:203: TimingUnits
Element:204: ComponentProperties
Element:205: TimeTransformation
Element:206: Dependencies
Element:207: ProcessorComponent
Element:208: 
Element:209: Coupling
Element:210: TimeMappingType
Element:211: EntryPoint
Element:212: StatisticalModelComponentType
Element:213: ModelComponent
Element:214: CouplingFrameworkType
Element:215: ComponentProperty
Element:216: ProcessorComponentType
Element:217: ScientificProperties
Element:218: StatisticalModelComponent
Element:219: Parallelisation
Element:220: 
Element:221: ConnectionEndPoint
Element:222: CouplingEndPoint
Element:223: CouplingProperty
Element:224: SpatialRegriddingStandardMethodType
Element:225: ConnectionType
Element:226: ModelComponentType
Element:227: 
Element:228: SpatialRegriddingUserMethod
Element:229: NumericalProperties
Element:230: Deployment
Element:231: 
Element:232: ComponentLanguageProperty
Element:233: Timing
Element:234: 
Element:235: 
Diagram: Software
Adding State-Tables
Formatting output XML...please wait
XMI Document Export Complete!
